<?xml version="1.0" encoding="UTF-8"?>
<!-- Generated by org.testng.reporters.JUnitReportReporter -->
<testsuite hostname="Lenovo" failures="0" tests="2" name="com.ecomm.tests.EcommTest" time="12.511" errors="0" timestamp="2022-07-03T15:44:21 IST" skipped="0">
  <testcase classname="com.ecomm.tests.EcommTest" name="addcat" time="7.289"/>
  <system-out/>
  <testcase classname="com.ecomm.tests.EcommTest" name="loginTest" time="5.222"/>
  <system-out/>
</testsuite> <!-- com.ecomm.tests.EcommTest -->
