<?xml version="1.0" encoding="UTF-8"?>
<!-- Generated by org.testng.reporters.JUnitReportReporter -->
<testsuite hostname="Lenovo" failures="0" tests="1" name="com.facebook.tests.LoginTest" time="10.104" errors="0" timestamp="2022-07-01T16:43:54 IST" skipped="0">
  <testcase classname="com.facebook.tests.LoginTest" name="loginTest" time="10.104"/>
  <system-out/>
</testsuite> <!-- com.facebook.tests.LoginTest -->
