<?xml version="1.0" encoding="UTF-8"?>
<!-- Generated by org.testng.reporters.JUnitReportReporter -->
<testsuite hostname="Lenovo" failures="0" tests="1" name="com.ecomm.tests.LoginTest" time="9.283" errors="0" timestamp="2022-07-02T01:09:47 IST" skipped="0">
  <testcase classname="com.ecomm.tests.LoginTest" name="loginTest" time="9.283"/>
  <system-out/>
</testsuite> <!-- com.ecomm.tests.LoginTest -->
